<?xml version="1.0" encoding="UTF-8"?>
<testng-results skipped="0" failed="0" total="2" passed="2">
  <reporter-output>
  </reporter-output>
  <suite name="Toplevel TestNG configuration" duration-ms="20" started-at="2015-04-26T21:33:18Z" finished-at="2015-04-26T21:33:18Z">
    <groups>
    </groups>
    <test name="all" duration-ms="20" started-at="2015-04-26T21:33:18Z" finished-at="2015-04-26T21:33:18Z">
      <class name="client.TestHome">
        <test-method status="PASS" signature="testHomeContent()[pri:0, instance:client.TestHome@6b6622e6]" name="testHomeContent" duration-ms="8" started-at="2015-04-26T17:33:18Z" finished-at="2015-04-26T17:33:18Z">
          <reporter-output>
          </reporter-output>
        </test-method> <!-- testHomeContent -->
        <test-method status="PASS" signature="testHomePage()[pri:0, instance:client.TestHome@6b6622e6]" name="testHomePage" duration-ms="0" started-at="2015-04-26T17:33:18Z" finished-at="2015-04-26T17:33:18Z">
          <reporter-output>
          </reporter-output>
        </test-method> <!-- testHomePage -->
      </class> <!-- client.TestHome -->
    </test> <!-- all -->
  </suite> <!-- Toplevel TestNG configuration -->
</testng-results>
